[     251ms] [VERBOSE] [DOM] Input elements should have autocomplete attributes (suggested: "current-password"): (More info: https://goo.gl/9p2vKq) %o @ http://localhost:3001/auth/login:0
[     301ms] [INFO] %cDownload the React DevTools for a better development experience: https://react.dev/link/react-devtools font-weight:bold @ http://localhost:3001/_next/static/chunks/node_modules_next_dist_0ifwd0~._.js:2925
[     329ms] [LOG] [HMR] connected @ http://localhost:3001/_next/static/chunks/node_modules_next_dist_0ifwd0~._.js:2925
[   96520ms] [LOG] [Fast Refresh] rebuilding @ http://localhost:3001/_next/static/chunks/node_modules_next_dist_0ifwd0~._.js:2925
[   96863ms] [LOG] [Fast Refresh] done in 449ms @ http://localhost:3001/_next/static/chunks/node_modules_next_dist_0ifwd0~._.js:2925
[   97006ms] [VERBOSE] [DOM] Input elements should have autocomplete attributes (suggested: "new-password"): (More info: https://goo.gl/9p2vKq) %o @ http://localhost:3001/auth/sign-up:0
[   97006ms] [VERBOSE] [DOM] Input elements should have autocomplete attributes (suggested: "new-password"): (More info: https://goo.gl/9p2vKq) %o @ http://localhost:3001/auth/sign-up:0
[  107269ms] [LOG] [Fast Refresh] rebuilding @ http://localhost:3001/_next/static/chunks/node_modules_next_dist_0ifwd0~._.js:2925
[  107509ms] [LOG] [Fast Refresh] done in 342ms @ http://localhost:3001/_next/static/chunks/node_modules_next_dist_0ifwd0~._.js:2925
[  365638ms] [LOG] [Fast Refresh] rebuilding @ http://localhost:3001/_next/static/chunks/node_modules_next_dist_0ifwd0~._.js:2925
[  365645ms] [LOG] [Fast Refresh] done in 108ms @ http://localhost:3001/_next/static/chunks/node_modules_next_dist_0ifwd0~._.js:2925
[ 3033865ms] [LOG] [Fast Refresh] rebuilding @ http://localhost:3001/_next/static/chunks/node_modules_next_dist_0ifwd0~._.js:2925
[ 3033885ms] [LOG] [Fast Refresh] done in 38ms @ http://localhost:3001/_next/static/chunks/node_modules_next_dist_0ifwd0~._.js:2925
[ 3034861ms] [LOG] [Fast Refresh] rebuilding @ http://localhost:3001/_next/static/chunks/node_modules_next_dist_0ifwd0~._.js:2925
[ 3035070ms] [LOG] [Fast Refresh] done in 316ms @ http://localhost:3001/_next/static/chunks/node_modules_next_dist_0ifwd0~._.js:2925
[ 3035463ms] [LOG] [Fast Refresh] rebuilding @ http://localhost:3001/_next/static/chunks/node_modules_next_dist_0ifwd0~._.js:2925
[ 3035698ms] [LOG] [Fast Refresh] done in 336ms @ http://localhost:3001/_next/static/chunks/node_modules_next_dist_0ifwd0~._.js:2925
[ 3036233ms] [LOG] [Fast Refresh] rebuilding @ http://localhost:3001/_next/static/chunks/node_modules_next_dist_0ifwd0~._.js:2925
[ 3036247ms] [LOG] [Fast Refresh] done in 124ms @ http://localhost:3001/_next/static/chunks/node_modules_next_dist_0ifwd0~._.js:2925
[ 3047511ms] [LOG] [Fast Refresh] rebuilding @ http://localhost:3001/_next/static/chunks/node_modules_next_dist_0ifwd0~._.js:2925
[ 3047544ms] [LOG] [Fast Refresh] done in 32ms @ http://localhost:3001/_next/static/chunks/node_modules_next_dist_0ifwd0~._.js:2925
[ 3047848ms] [LOG] [Fast Refresh] rebuilding @ http://localhost:3001/_next/static/chunks/node_modules_next_dist_0ifwd0~._.js:2925
[ 3048083ms] [LOG] [Fast Refresh] done in 338ms @ http://localhost:3001/_next/static/chunks/node_modules_next_dist_0ifwd0~._.js:2925
[ 3048376ms] [LOG] [Fast Refresh] rebuilding @ http://localhost:3001/_next/static/chunks/node_modules_next_dist_0ifwd0~._.js:2925
[ 3048480ms] [LOG] [Fast Refresh] done in 206ms @ http://localhost:3001/_next/static/chunks/node_modules_next_dist_0ifwd0~._.js:2925
[ 3105573ms] [LOG] [Fast Refresh] rebuilding @ http://localhost:3001/_next/static/chunks/node_modules_next_dist_0ifwd0~._.js:2925
[ 3105742ms] [LOG] [Fast Refresh] done in 296ms @ http://localhost:3001/_next/static/chunks/node_modules_next_dist_0ifwd0~._.js:2925
[ 3106090ms] [LOG] [Fast Refresh] rebuilding @ http://localhost:3001/_next/static/chunks/node_modules_next_dist_0ifwd0~._.js:2925
[ 3106334ms] [LOG] [Fast Refresh] done in 344ms @ http://localhost:3001/_next/static/chunks/node_modules_next_dist_0ifwd0~._.js:2925
[ 3107002ms] [LOG] [Fast Refresh] rebuilding @ http://localhost:3001/_next/static/chunks/node_modules_next_dist_0ifwd0~._.js:2925
[ 3107071ms] [LOG] [Fast Refresh] done in 181ms @ http://localhost:3001/_next/static/chunks/node_modules_next_dist_0ifwd0~._.js:2925
[ 3107488ms] [LOG] [Fast Refresh] rebuilding @ http://localhost:3001/_next/static/chunks/node_modules_next_dist_0ifwd0~._.js:2925
[ 3107867ms] [LOG] [Fast Refresh] done in 485ms @ http://localhost:3001/_next/static/chunks/node_modules_next_dist_0ifwd0~._.js:2925
[ 3682458ms] [LOG] [Fast Refresh] rebuilding @ http://localhost:3001/_next/static/chunks/node_modules_next_dist_0ifwd0~._.js:2925
[ 3682518ms] [LOG] [Fast Refresh] done in 170ms @ http://localhost:3001/_next/static/chunks/node_modules_next_dist_0ifwd0~._.js:2925
[ 3694927ms] [LOG] [Fast Refresh] rebuilding @ http://localhost:3001/_next/static/chunks/node_modules_next_dist_0ifwd0~._.js:2925
[ 3695553ms] [LOG] [Fast Refresh] done in 741ms @ http://localhost:3001/_next/static/chunks/node_modules_next_dist_0ifwd0~._.js:2925
[ 3776740ms] [LOG] [Fast Refresh] rebuilding @ http://localhost:3001/_next/static/chunks/node_modules_next_dist_0ifwd0~._.js:2925
[ 3777024ms] [LOG] [Fast Refresh] done in 389ms @ http://localhost:3001/_next/static/chunks/node_modules_next_dist_0ifwd0~._.js:2925
[ 3778051ms] [LOG] [Fast Refresh] rebuilding @ http://localhost:3001/_next/static/chunks/node_modules_next_dist_0ifwd0~._.js:2925
[ 3778330ms] [LOG] [Fast Refresh] done in 381ms @ http://localhost:3001/_next/static/chunks/node_modules_next_dist_0ifwd0~._.js:2925
[ 3779991ms] [LOG] [Fast Refresh] rebuilding @ http://localhost:3001/_next/static/chunks/node_modules_next_dist_0ifwd0~._.js:2925
[ 3780388ms] [LOG] [Fast Refresh] done in 508ms @ http://localhost:3001/_next/static/chunks/node_modules_next_dist_0ifwd0~._.js:2925
[ 3780575ms] [LOG] [Fast Refresh] rebuilding @ http://localhost:3001/_next/static/chunks/node_modules_next_dist_0ifwd0~._.js:2925
[ 3781236ms] [LOG] [Fast Refresh] done in 765ms @ http://localhost:3001/_next/static/chunks/node_modules_next_dist_0ifwd0~._.js:2925
